<?xml version="1.0" encoding="UTF-8"?>
<testng-results ignored="0" total="1" passed="1" failed="0" skipped="0">
  <reporter-output>
  </reporter-output>
  <suite started-at="2023-07-21T14:29:57 IST" name="Default suite" finished-at="2023-07-21T14:30:02 IST" duration-ms="4455">
    <groups>
    </groups>
    <test started-at="2023-07-21T14:29:57 IST" name="Default test" finished-at="2023-07-21T14:30:02 IST" duration-ms="4455">
      <class name="appium_demonew.appium_demonew.Calculator">
        <test-method is-config="true" signature="initapp()[pri:0, instance:appium_demonew.appium_demonew.Calculator@59505b48]" started-at="2023-07-21T14:29:49 IST" name="initapp" finished-at="2023-07-21T14:29:57 IST" duration-ms="8237" status="PASS">
          <reporter-output>
          </reporter-output>
        </test-method> <!-- initapp -->
        <test-method is-config="true" signature="launchclass()[pri:0, instance:appium_demonew.appium_demonew.Calculator@59505b48]" started-at="2023-07-21T14:29:57 IST" name="launchclass" finished-at="2023-07-21T14:29:57 IST" duration-ms="34" status="PASS">
          <reporter-output>
          </reporter-output>
        </test-method> <!-- launchclass -->
        <test-method signature="dialer()[pri:0, instance:appium_demonew.appium_demonew.Calculator@59505b48]" started-at="2023-07-21T14:29:57 IST" name="dialer" finished-at="2023-07-21T14:30:02 IST" duration-ms="4375" status="PASS">
          <reporter-output>
          </reporter-output>
        </test-method> <!-- dialer -->
      </class> <!-- appium_demonew.appium_demonew.Calculator -->
    </test> <!-- Default test -->
  </suite> <!-- Default suite -->
</testng-results>
